<?xml version="1.0" encoding="UTF-8"?>
<!-- Generated by org.testng.reporters.JUnitXMLReporter -->
<testsuite hostname="Minhs-MBP" ignored="0" name="Group1" tests="3" failures="0" timestamp="2022-09-26T21:31:09 ICT" time="85.664" errors="0">
  <testcase name="testStandardComputerBuying" time="46.532" classname="test.computer.BuyingStandardComputerTest"/>
  <testcase name="testStandardComputerBuying" time="19.48" classname="test.computer.BuyingStandardComputerTest"/>
  <testcase name="testStandardComputerBuying" time="19.396" classname="test.computer.BuyingStandardComputerTest"/>
</testsuite> <!-- Group1 -->
