<?xml version="1.0" encoding="UTF-8"?>
<!-- Generated by org.testng.reporters.JUnitXMLReporter -->
<testsuite hostname="Minhs-MBP" ignored="0" name="Group4" tests="2" failures="2" timestamp="2022-09-26T21:29:58 ICT" time="14.311" errors="0">
  <testcase name="testFooterCategoryPage" time="10.589" classname="test.global.footer.FooterTest">
    <failure type="java.lang.AssertionError" message="Demo taking screenshot when is failed">
      <![CDATA[java.lang.AssertionError: Demo taking screenshot when is failed
at test.global.footer.FooterTest.testFooterCategoryPage(FooterTest.java:15)
at java.util.ArrayList.forEach(ArrayList.java:1259)
at java.util.concurrent.FutureTask.run(FutureTask.java:266)
at java.util.concurrent.ThreadPoolExecutor.runWorker(ThreadPoolExecutor.java:1149)
at java.util.concurrent.ThreadPoolExecutor$Worker.run(ThreadPoolExecutor.java:624)
at java.lang.Thread.run(Thread.java:750)
... Removed 19 stack frames]]>
    </failure>
  </testcase> <!-- testFooterCategoryPage -->
  <testcase name="testFooterHomePage" time="2.657" classname="test.global.footer.FooterTest">
    <failure type="java.lang.AssertionError" message="LINK [ERR] Actual and expected hyperlink are different!: Lists differ at element [0]: http://demowebshop.tricentis.com/sitemap != https://demowebshop.tricentis.com/sitemap expected [http://demowebshop.tricentis.com/sitemap] but found [https://demowebshop.tricentis.com/sitemap]">
      <![CDATA[java.lang.AssertionError: LINK [ERR] Actual and expected hyperlink are different!: Lists differ at element [0]: http://demowebshop.tricentis.com/sitemap != https://demowebshop.tricentis.com/sitemap expected [http://demowebshop.tricentis.com/sitemap] but found [https://demowebshop.tricentis.com/sitemap]
at test_flows.global.FooterTestFlow.verifyFooterComponent(FooterTestFlow.java:168)
at test_flows.global.FooterTestFlow.verifyInformationColumn(FooterTestFlow.java:56)
at test_flows.global.FooterTestFlow.verifyFooterComponent(FooterTestFlow.java:32)
at test_flows.global.FooterTestFlow.verifyProductCatFooterComponent(FooterTestFlow.java:148)
at test.global.footer.FooterTest.testFooterHomePage(FooterTest.java:25)
at java.util.ArrayList.forEach(ArrayList.java:1259)
at java.util.concurrent.FutureTask.run(FutureTask.java:266)
at java.util.concurrent.ThreadPoolExecutor.runWorker(ThreadPoolExecutor.java:1149)
at java.util.concurrent.ThreadPoolExecutor$Worker.run(ThreadPoolExecutor.java:624)
at java.lang.Thread.run(Thread.java:750)
... Removed 22 stack frames]]>
    </failure>
  </testcase> <!-- testFooterHomePage -->
</testsuite> <!-- Group4 -->
