<?xml version="1.0" encoding="UTF-8"?>
<!-- Generated by org.testng.reporters.JUnitXMLReporter -->
<testsuite hostname="Minhs-MBP" ignored="0" name="Group2" tests="3" failures="0" timestamp="2022-09-26T21:31:08 ICT" time="84.956" errors="0">
  <testcase name="testCheapComputerBuying" time="45.337" classname="test.computer.BuyingCheapComputerTest"/>
  <testcase name="testCheapComputerBuying" time="19.693" classname="test.computer.BuyingCheapComputerTest"/>
  <testcase name="testCheapComputerBuying" time="19.609" classname="test.computer.BuyingCheapComputerTest"/>
</testsuite> <!-- Group2 -->
